[2025-11-18T10:22:00.761+0000] {manager.py:483} INFO - Processing files using up to 2 processes at a time 
[2025-11-18T10:22:00.761+0000] {manager.py:484} INFO - Process each file at most once every 30 seconds
[2025-11-18T10:22:00.761+0000] {manager.py:485} INFO - Checking for new files in /opt/airflow/dags every 300 seconds
[2025-11-18T10:22:00.761+0000] {manager.py:821} INFO - Searching for files in /opt/airflow/dags
[2025-11-18T10:22:00.762+0000] {manager.py:824} INFO - There are 0 files in /opt/airflow/dags
[2025-11-18T10:25:29.094+0000] {manager.py:465} INFO - Exiting gracefully upon receiving signal 15
[2025-11-18T10:27:21.735+0000] {manager.py:483} INFO - Processing files using up to 2 processes at a time 
[2025-11-18T10:27:21.736+0000] {manager.py:484} INFO - Process each file at most once every 30 seconds
[2025-11-18T10:27:21.736+0000] {manager.py:485} INFO - Checking for new files in /opt/airflow/dags every 300 seconds
[2025-11-18T10:27:21.737+0000] {manager.py:821} INFO - Searching for files in /opt/airflow/dags
[2025-11-18T10:27:21.737+0000] {manager.py:824} INFO - There are 0 files in /opt/airflow/dags
[2025-11-18T10:32:09.507+0000] {manager.py:465} INFO - Exiting gracefully upon receiving signal 15
[2025-11-18T10:37:25.637+0000] {manager.py:483} INFO - Processing files using up to 2 processes at a time 
[2025-11-18T10:37:25.638+0000] {manager.py:484} INFO - Process each file at most once every 30 seconds
[2025-11-18T10:37:25.638+0000] {manager.py:485} INFO - Checking for new files in /opt/airflow/dags every 300 seconds
[2025-11-18T10:37:25.638+0000] {manager.py:821} INFO - Searching for files in /opt/airflow/dags
[2025-11-18T10:37:25.643+0000] {manager.py:824} INFO - There are 0 files in /opt/airflow/dags
[2025-11-18T10:42:26.542+0000] {manager.py:821} INFO - Searching for files in /opt/airflow/dags
[2025-11-18T10:42:26.545+0000] {manager.py:824} INFO - There are 0 files in /opt/airflow/dags
[2025-11-18T10:46:11.789+0000] {manager.py:465} INFO - Exiting gracefully upon receiving signal 15
[2025-11-18T11:04:42.881+0000] {manager.py:483} INFO - Processing files using up to 2 processes at a time 
[2025-11-18T11:04:42.883+0000] {manager.py:484} INFO - Process each file at most once every 30 seconds
[2025-11-18T11:04:42.883+0000] {manager.py:485} INFO - Checking for new files in /opt/airflow/dags every 300 seconds
[2025-11-18T11:04:42.883+0000] {manager.py:821} INFO - Searching for files in /opt/airflow/dags
[2025-11-18T11:04:42.884+0000] {manager.py:824} INFO - There are 0 files in /opt/airflow/dags
[2025-11-18T11:09:42.999+0000] {manager.py:821} INFO - Searching for files in /opt/airflow/dags
[2025-11-18T11:09:43.003+0000] {manager.py:824} INFO - There are 0 files in /opt/airflow/dags
[2025-11-18T11:10:56.028+0000] {manager.py:465} INFO - Exiting gracefully upon receiving signal 15
[2025-11-18T11:13:13.173+0000] {manager.py:483} INFO - Processing files using up to 2 processes at a time 
[2025-11-18T11:13:13.176+0000] {manager.py:484} INFO - Process each file at most once every 30 seconds
[2025-11-18T11:13:13.176+0000] {manager.py:485} INFO - Checking for new files in /opt/airflow/dags every 300 seconds
[2025-11-18T11:13:13.177+0000] {manager.py:821} INFO - Searching for files in /opt/airflow/dags
[2025-11-18T11:13:13.178+0000] {manager.py:824} INFO - There are 0 files in /opt/airflow/dags
[2025-11-18T11:14:40.867+0000] {manager.py:465} INFO - Exiting gracefully upon receiving signal 15
[2025-11-18T11:15:27.972+0000] {manager.py:483} INFO - Processing files using up to 2 processes at a time 
[2025-11-18T11:15:27.980+0000] {manager.py:484} INFO - Process each file at most once every 30 seconds
[2025-11-18T11:15:27.980+0000] {manager.py:485} INFO - Checking for new files in /opt/airflow/dags every 300 seconds
[2025-11-18T11:15:27.980+0000] {manager.py:821} INFO - Searching for files in /opt/airflow/dags
[2025-11-18T11:15:27.982+0000] {manager.py:824} INFO - There are 0 files in /opt/airflow/dags
[2025-11-18T11:16:09.103+0000] {manager.py:465} INFO - Exiting gracefully upon receiving signal 15
[2025-11-18T11:21:57.466+0000] {manager.py:483} INFO - Processing files using up to 2 processes at a time 
[2025-11-18T11:21:57.467+0000] {manager.py:484} INFO - Process each file at most once every 30 seconds
[2025-11-18T11:21:57.468+0000] {manager.py:485} INFO - Checking for new files in /opt/airflow/dags every 300 seconds
[2025-11-18T11:21:57.468+0000] {manager.py:821} INFO - Searching for files in /opt/airflow/dags
[2025-11-18T11:21:57.471+0000] {manager.py:824} INFO - There are 0 files in /opt/airflow/dags
[2025-11-18T11:29:10.474+0000] {manager.py:821} INFO - Searching for files in /opt/airflow/dags
[2025-11-18T11:29:10.477+0000] {manager.py:824} INFO - There are 0 files in /opt/airflow/dags
[2025-11-18T11:32:40.988+0000] {manager.py:465} INFO - Exiting gracefully upon receiving signal 15
[2025-11-18T11:38:27.818+0000] {manager.py:483} INFO - Processing files using up to 2 processes at a time 
[2025-11-18T11:38:27.824+0000] {manager.py:484} INFO - Process each file at most once every 30 seconds
[2025-11-18T11:38:27.825+0000] {manager.py:485} INFO - Checking for new files in /opt/airflow/dags every 300 seconds
[2025-11-18T11:38:27.825+0000] {manager.py:821} INFO - Searching for files in /opt/airflow/dags
[2025-11-18T11:38:27.826+0000] {manager.py:824} INFO - There are 0 files in /opt/airflow/dags
[2025-11-18T11:43:27.994+0000] {manager.py:821} INFO - Searching for files in /opt/airflow/dags
[2025-11-18T11:43:27.999+0000] {manager.py:824} INFO - There are 0 files in /opt/airflow/dags
